::1 - - [24/Jul/2021:10:22:59 +0000] "GET /v1/product/ HTTP/1.1" 200 2533 "-" "PostmanRuntime/7.26.8"
::1 - - [24/Jul/2021:10:42:58 +0000] "GET /v1/product/ HTTP/1.1" 200 2533 "-" "PostmanRuntime/7.26.8"
::1 - - [24/Jul/2021:10:43:16 +0000] "PATCH /v1/product/60f85dce83744a31287b35b HTTP/1.1" 400 61 "-" "PostmanRuntime/7.26.8"
::1 - - [24/Jul/2021:10:43:25 +0000] "PATCH /v1/product/60f85dce83744a31287b35b5 HTTP/1.1" 200 71 "-" "PostmanRuntime/7.26.8"
::1 - - [24/Jul/2021:10:44:22 +0000] "GET /v1/product/ HTTP/1.1" 200 2539 "-" "PostmanRuntime/7.26.8"
::1 - - [24/Jul/2021:10:46:43 +0000] "POST /v1/product/ HTTP/1.1" - - "-" "PostmanRuntime/7.26.8"
::1 - - [24/Jul/2021:10:46:47 +0000] "GET /v1/product/ HTTP/1.1" 200 2539 "-" "PostmanRuntime/7.26.8"
::1 - - [24/Jul/2021:10:46:58 +0000] "POST /v1/product/ HTTP/1.1" - - "-" "PostmanRuntime/7.26.8"
::1 - - [24/Jul/2021:10:46:59 +0000] "GET /v1/product/ HTTP/1.1" 200 2539 "-" "PostmanRuntime/7.26.8"
::1 - - [24/Jul/2021:10:52:26 +0000] "POST /v1/product/ HTTP/1.1" - - "-" "PostmanRuntime/7.26.8"
::1 - - [24/Jul/2021:10:52:53 +0000] "POST /v1/product/ HTTP/1.1" 200 - "-" "PostmanRuntime/7.26.8"
::1 - - [24/Jul/2021:10:53:23 +0000] "POST /v1/product/ HTTP/1.1" - - "-" "PostmanRuntime/7.26.8"
::1 - - [24/Jul/2021:10:53:45 +0000] "POST /v1/product/ HTTP/1.1" - - "-" "PostmanRuntime/7.26.8"
::1 - - [24/Jul/2021:10:55:04 +0000] "POST /v1/product/ HTTP/1.1" 400 90 "-" "PostmanRuntime/7.26.8"
::1 - - [24/Jul/2021:10:55:45 +0000] "POST /v1/product/ HTTP/1.1" - - "-" "PostmanRuntime/7.26.8"
::1 - - [24/Jul/2021:11:03:24 +0000] "POST /v1/product/ HTTP/1.1" - - "-" "PostmanRuntime/7.26.8"
::1 - - [24/Jul/2021:11:03:48 +0000] "POST /v1/product/ HTTP/1.1" 500 2304 "-" "PostmanRuntime/7.26.8"
::1 - - [24/Jul/2021:11:04:27 +0000] "POST /v1/product/ HTTP/1.1" - - "-" "PostmanRuntime/7.26.8"
::1 - - [24/Jul/2021:11:06:34 +0000] "POST /v1/product/ HTTP/1.1" - - "-" "PostmanRuntime/7.26.8"
::1 - - [24/Jul/2021:11:07:09 +0000] "POST /v1/product/ HTTP/1.1" - - "-" "PostmanRuntime/7.26.8"
::1 - - [24/Jul/2021:11:21:31 +0000] "POST /v1/product/ HTTP/1.1" 400 90 "-" "PostmanRuntime/7.26.8"
::1 - - [24/Jul/2021:11:22:27 +0000] "POST /v1/product/ HTTP/1.1" 400 90 "-" "PostmanRuntime/7.26.8"
::1 - - [24/Jul/2021:11:22:35 +0000] "POST /v1/product/ HTTP/1.1" 400 90 "-" "PostmanRuntime/7.26.8"
::1 - - [24/Jul/2021:11:22:46 +0000] "POST /v1/product/ HTTP/1.1" 400 90 "-" "PostmanRuntime/7.26.8"
::1 - - [24/Jul/2021:11:23:32 +0000] "POST /v1/product/ HTTP/1.1" 400 90 "-" "PostmanRuntime/7.26.8"
::1 - - [24/Jul/2021:11:24:51 +0000] "POST /v1/product/ HTTP/1.1" 400 90 "-" "PostmanRuntime/7.26.8"
::1 - - [24/Jul/2021:11:28:25 +0000] "POST /v1/product/ HTTP/1.1" 400 90 "-" "PostmanRuntime/7.26.8"
::1 - - [24/Jul/2021:11:28:47 +0000] "GET /v1/product/ HTTP/1.1" 200 2539 "-" "PostmanRuntime/7.26.8"
::1 - - [24/Jul/2021:11:30:13 +0000] "POST /v1/product/ HTTP/1.1" 401 90 "-" "PostmanRuntime/7.26.8"
::1 - - [24/Jul/2021:11:30:40 +0000] "POST /v1/product/ HTTP/1.1" 401 90 "-" "PostmanRuntime/7.26.8"
::1 - - [24/Jul/2021:11:34:19 +0000] "POST /v1/product/ HTTP/1.1" - - "-" "PostmanRuntime/7.26.8"
::1 - - [24/Jul/2021:11:35:04 +0000] "POST /v1/product/ HTTP/1.1" 400 90 "-" "PostmanRuntime/7.26.8"
::1 - - [24/Jul/2021:11:38:57 +0000] "POST /v1/product/ HTTP/1.1" 400 91 "-" "PostmanRuntime/7.26.8"
::1 - - [24/Jul/2021:11:39:29 +0000] "POST /v1/product/ HTTP/1.1" 400 91 "-" "PostmanRuntime/7.26.8"
::1 - - [24/Jul/2021:11:42:22 +0000] "POST /v1/product/ HTTP/1.1" - - "-" "PostmanRuntime/7.26.8"
::1 - - [24/Jul/2021:11:50:49 +0000] "POST /v1/product/ HTTP/1.1" - - "-" "PostmanRuntime/7.26.8"
::1 - - [24/Jul/2021:11:53:25 +0000] "POST /v1/product/ HTTP/1.1" - - "-" "PostmanRuntime/7.26.8"
::1 - - [24/Jul/2021:11:53:43 +0000] "POST /v1/product/ HTTP/1.1" - - "-" "PostmanRuntime/7.26.8"
::1 - - [24/Jul/2021:11:54:02 +0000] "POST /v1/product/ HTTP/1.1" - - "-" "PostmanRuntime/7.26.8"
::1 - - [24/Jul/2021:11:54:51 +0000] "POST /v1/product/ HTTP/1.1" - - "-" "PostmanRuntime/7.26.8"
::1 - - [24/Jul/2021:11:57:33 +0000] "POST /v1/product/ HTTP/1.1" 400 118 "-" "PostmanRuntime/7.26.8"
::1 - - [24/Jul/2021:11:57:55 +0000] "POST /v1/product/ HTTP/1.1" 400 117 "-" "PostmanRuntime/7.26.8"
::1 - - [24/Jul/2021:11:59:08 +0000] "POST /v1/product/ HTTP/1.1" 400 117 "-" "PostmanRuntime/7.26.8"
::1 - - [24/Jul/2021:11:59:16 +0000] "POST /v1/product/ HTTP/1.1" 400 126 "-" "PostmanRuntime/7.26.8"
::1 - - [24/Jul/2021:11:59:20 +0000] "POST /v1/product/ HTTP/1.1" 400 126 "-" "PostmanRuntime/7.26.8"
::1 - - [24/Jul/2021:11:59:29 +0000] "POST /v1/product/ HTTP/1.1" 500 126 "-" "PostmanRuntime/7.26.8"
::1 - - [24/Jul/2021:11:59:41 +0000] "POST /v1/product/ HTTP/1.1" 501 126 "-" "PostmanRuntime/7.26.8"
::1 - - [24/Jul/2021:13:09:33 +0000] "POST /v1/product/ HTTP/1.1" 501 73 "-" "PostmanRuntime/7.26.8"
::1 - - [24/Jul/2021:13:09:38 +0000] "POST /v1/product/ HTTP/1.1" 501 73 "-" "PostmanRuntime/7.26.8"
::1 - - [24/Jul/2021:13:09:41 +0000] "POST /v1/product/ HTTP/1.1" 501 73 "-" "PostmanRuntime/7.26.8"
::1 - - [24/Jul/2021:13:11:11 +0000] "POST /v1/product/ HTTP/1.1" - - "-" "PostmanRuntime/7.26.8"
::1 - - [24/Jul/2021:13:11:32 +0000] "POST /v1/product/ HTTP/1.1" - - "-" "PostmanRuntime/7.26.8"
::1 - - [24/Jul/2021:13:11:55 +0000] "POST /v1/product/ HTTP/1.1" - - "-" "PostmanRuntime/7.26.8"
::1 - - [24/Jul/2021:13:12:08 +0000] "POST /v1/product/ HTTP/1.1" - - "-" "PostmanRuntime/7.26.8"
::1 - - [24/Jul/2021:13:14:00 +0000] "POST /v1/product/ HTTP/1.1" - - "-" "PostmanRuntime/7.26.8"
::1 - - [24/Jul/2021:13:14:21 +0000] "POST /v1/product/ HTTP/1.1" - - "-" "PostmanRuntime/7.26.8"
::1 - - [24/Jul/2021:13:16:33 +0000] "POST /v1/product/ HTTP/1.1" - - "-" "PostmanRuntime/7.26.8"
::1 - - [24/Jul/2021:13:19:10 +0000] "POST /v1/product/ HTTP/1.1" - - "-" "PostmanRuntime/7.26.8"
::1 - - [24/Jul/2021:13:19:46 +0000] "POST /v1/product/ HTTP/1.1" 501 73 "-" "PostmanRuntime/7.26.8"
::1 - - [24/Jul/2021:13:31:27 +0000] "POST /v1/product/ HTTP/1.1" - - "-" "PostmanRuntime/7.26.8"
::1 - - [24/Jul/2021:13:33:54 +0000] "POST /v1/product/ HTTP/1.1" - - "-" "PostmanRuntime/7.26.8"
::1 - - [24/Jul/2021:13:44:00 +0000] "POST /v1/product/ HTTP/1.1" 200 - "-" "PostmanRuntime/7.26.8"
::1 - - [24/Jul/2021:13:44:43 +0000] "POST /v1/product/ HTTP/1.1" 200 - "-" "PostmanRuntime/7.26.8"
::1 - - [24/Jul/2021:13:45:58 +0000] "POST /v1/product/ HTTP/1.1" 200 - "-" "PostmanRuntime/7.26.8"
::1 - - [24/Jul/2021:13:46:09 +0000] "POST /v1/product/ HTTP/1.1" 200 - "-" "PostmanRuntime/7.26.8"
::1 - - [24/Jul/2021:13:47:31 +0000] "POST /v1/product/ HTTP/1.1" 200 39 "-" "PostmanRuntime/7.26.8"
::1 - - [24/Jul/2021:13:47:39 +0000] "POST /v1/product/ HTTP/1.1" 200 60 "-" "PostmanRuntime/7.26.8"
::1 - - [24/Jul/2021:13:47:54 +0000] "POST /v1/product/ HTTP/1.1" 200 54 "-" "PostmanRuntime/7.26.8"
::1 - - [24/Jul/2021:13:48:01 +0000] "POST /v1/product/ HTTP/1.1" 200 39 "-" "PostmanRuntime/7.26.8"
::1 - - [24/Jul/2021:13:50:57 +0000] "POST /v1/product/ HTTP/1.1" 200 60 "-" "PostmanRuntime/7.26.8"
::1 - - [24/Jul/2021:13:51:56 +0000] "POST /v1/product/ HTTP/1.1" 200 39 "-" "PostmanRuntime/7.26.8"
::1 - - [24/Jul/2021:13:52:59 +0000] "POST /v1/product/ HTTP/1.1" 200 39 "-" "PostmanRuntime/7.26.8"
::1 - - [24/Jul/2021:13:54:27 +0000] "POST /v1/product/ HTTP/1.1" 200 641 "-" "PostmanRuntime/7.26.8"
::1 - - [24/Jul/2021:13:54:44 +0000] "POST /v1/product/ HTTP/1.1" 200 54 "-" "PostmanRuntime/7.26.8"
::1 - - [24/Jul/2021:13:55:01 +0000] "POST /v1/product/ HTTP/1.1" 200 642 "-" "PostmanRuntime/7.26.8"
::1 - - [25/Jul/2021:07:40:50 +0000] "GET /v1/product/ HTTP/1.1" 200 3824 "-" "PostmanRuntime/7.26.8"
::1 - - [25/Jul/2021:08:01:20 +0000] "GET /v1/product/ HTTP/1.1" 200 3824 "-" "PostmanRuntime/7.28.2"
::1 - - [25/Jul/2021:08:19:19 +0000] "POST /v1/login/ HTTP/1.1" 200 212 "-" "PostmanRuntime/7.28.2"
::1 - - [25/Jul/2021:08:19:29 +0000] "POST /v1/login/ HTTP/1.1" 200 212 "-" "PostmanRuntime/7.28.2"
::1 - - [25/Jul/2021:08:29:55 +0000] "POST /v1/login/ HTTP/1.1" 200 212 "-" "PostmanRuntime/7.28.2"
::1 - - [25/Jul/2021:08:30:24 +0000] "POST /v1/login/ HTTP/1.1" - - "-" "PostmanRuntime/7.28.2"
::1 - - [25/Jul/2021:08:32:31 +0000] "POST /v1/create-post/ HTTP/1.1" - - "-" "PostmanRuntime/7.28.2"
::1 - - [25/Jul/2021:08:32:36 +0000] "POST /v1/create-post/ HTTP/1.1" 200 30 "-" "PostmanRuntime/7.28.2"
::1 - - [25/Jul/2021:08:34:12 +0000] "POST /v1/create-post/ HTTP/1.1" - - "-" "PostmanRuntime/7.28.2"
::1 - - [25/Jul/2021:08:35:08 +0000] "POST /v1/create-post/ HTTP/1.1" - - "-" "PostmanRuntime/7.28.2"
::1 - - [25/Jul/2021:08:35:21 +0000] "POST /v1/create-post/ HTTP/1.1" - - "-" "PostmanRuntime/7.28.2"
::1 - - [25/Jul/2021:08:35:57 +0000] "POST /v1/create-post/ HTTP/1.1" - - "-" "PostmanRuntime/7.28.2"
::1 - - [25/Jul/2021:08:36:06 +0000] "POST /v1/create-post/ HTTP/1.1" - - "-" "PostmanRuntime/7.28.2"
::1 - - [25/Jul/2021:08:36:17 +0000] "POST /v1/create-post/ HTTP/1.1" - - "-" "PostmanRuntime/7.28.2"
::1 - - [25/Jul/2021:08:37:41 +0000] "POST /v1/create-post/ HTTP/1.1" 403 35 "-" "PostmanRuntime/7.28.2"
::1 - - [25/Jul/2021:08:37:59 +0000] "POST /v1/create-post/ HTTP/1.1" - - "-" "PostmanRuntime/7.28.2"
::1 - - [25/Jul/2021:08:55:05 +0000] "POST /v1/create-post/ HTTP/1.1" 403 35 "-" "PostmanRuntime/7.28.2"
::1 - - [25/Jul/2021:08:55:59 +0000] "POST /v1/create-post/ HTTP/1.1" 403 9 "-" "PostmanRuntime/7.28.2"
::1 - - [25/Jul/2021:08:56:06 +0000] "POST /v1/login/ HTTP/1.1" 200 212 "-" "PostmanRuntime/7.28.2"
::1 - - [25/Jul/2021:08:56:15 +0000] "POST /v1/create-post/ HTTP/1.1" 403 9 "-" "PostmanRuntime/7.28.2"
::1 - - [25/Jul/2021:08:56:52 +0000] "POST /v1/create-post/ HTTP/1.1" 403 9 "-" "PostmanRuntime/7.28.2"
::1 - - [25/Jul/2021:08:57:17 +0000] "POST /v1/create-post/ HTTP/1.1" 403 35 "-" "PostmanRuntime/7.28.2"
::1 - - [25/Jul/2021:08:57:36 +0000] "POST /v1/create-post/ HTTP/1.1" 500 2716 "-" "PostmanRuntime/7.28.2"
::1 - - [25/Jul/2021:08:58:08 +0000] "POST /v1/create-post/ HTTP/1.1" 403 35 "-" "PostmanRuntime/7.28.2"
::1 - - [25/Jul/2021:08:58:42 +0000] "POST /v1/create-post/ HTTP/1.1" 403 35 "-" "PostmanRuntime/7.28.2"
::1 - - [25/Jul/2021:08:59:01 +0000] "POST /v1/create-post/ HTTP/1.1" 500 2716 "-" "PostmanRuntime/7.28.2"
::1 - - [25/Jul/2021:08:59:26 +0000] "POST /v1/create-post/ HTTP/1.1" 500 2716 "-" "PostmanRuntime/7.28.2"
::1 - - [25/Jul/2021:08:59:57 +0000] "POST /v1/create-post/ HTTP/1.1" 500 2716 "-" "PostmanRuntime/7.28.2"
::1 - - [25/Jul/2021:09:00:54 +0000] "POST /v1/create-post/ HTTP/1.1" 500 2716 "-" "PostmanRuntime/7.28.2"
::1 - - [25/Jul/2021:09:01:21 +0000] "POST /v1/create-post/ HTTP/1.1" 500 2716 "-" "PostmanRuntime/7.28.2"
::1 - - [25/Jul/2021:09:02:17 +0000] "POST /v1/create-post/ HTTP/1.1" 200 131 "-" "PostmanRuntime/7.28.2"
::1 - - [25/Jul/2021:09:03:24 +0000] "POST /v1/login/ HTTP/1.1" 200 212 "-" "PostmanRuntime/7.28.2"
::1 - - [25/Jul/2021:09:03:27 +0000] "POST /v1/create-post/ HTTP/1.1" 200 131 "-" "PostmanRuntime/7.28.2"
::1 - - [25/Jul/2021:09:03:28 +0000] "POST /v1/create-post/ HTTP/1.1" 200 131 "-" "PostmanRuntime/7.28.2"
::1 - - [25/Jul/2021:09:03:56 +0000] "POST /v1/create-post/ HTTP/1.1" 200 131 "-" "PostmanRuntime/7.28.2"
::1 - - [25/Jul/2021:09:05:27 +0000] "POST /v1/create-post/ HTTP/1.1" 403 9 "-" "PostmanRuntime/7.28.2"
::1 - - [25/Jul/2021:09:06:00 +0000] "POST /v1/create-post/ HTTP/1.1" 403 54 "-" "PostmanRuntime/7.28.2"
::1 - - [25/Jul/2021:09:06:20 +0000] "POST /v1/create-post/ HTTP/1.1" 403 54 "-" "PostmanRuntime/7.28.2"
::1 - - [25/Jul/2021:09:06:41 +0000] "POST /v1/create-post/ HTTP/1.1" 403 54 "-" "PostmanRuntime/7.28.2"
::1 - - [25/Jul/2021:09:06:53 +0000] "POST /v1/create-post/ HTTP/1.1" 200 54 "-" "PostmanRuntime/7.28.2"
::1 - - [25/Jul/2021:09:32:38 +0000] "POST /v1/create-post/ HTTP/1.1" 200 131 "-" "PostmanRuntime/7.28.2"
::1 - - [25/Jul/2021:09:41:49 +0000] "POST /v1/create-post/ HTTP/1.1" 200 131 "-" "PostmanRuntime/7.28.2"
::1 - - [25/Jul/2021:09:41:50 +0000] "POST /v1/create-post/ HTTP/1.1" 200 131 "-" "PostmanRuntime/7.28.2"
::1 - - [25/Jul/2021:09:41:51 +0000] "POST /v1/create-post/ HTTP/1.1" 200 131 "-" "PostmanRuntime/7.28.2"
::1 - - [25/Jul/2021:09:41:51 +0000] "POST /v1/create-post/ HTTP/1.1" 200 131 "-" "PostmanRuntime/7.28.2"
::1 - - [25/Jul/2021:09:41:52 +0000] "POST /v1/create-post/ HTTP/1.1" 200 131 "-" "PostmanRuntime/7.28.2"
::1 - - [25/Jul/2021:09:41:52 +0000] "POST /v1/create-post/ HTTP/1.1" 200 131 "-" "PostmanRuntime/7.28.2"
::1 - - [25/Jul/2021:09:42:01 +0000] "POST /v1/login/ HTTP/1.1" 200 235 "-" "PostmanRuntime/7.28.2"
::1 - - [25/Jul/2021:09:42:10 +0000] "POST /v1/create-post/ HTTP/1.1" 200 148 "-" "PostmanRuntime/7.28.2"
::1 - - [25/Jul/2021:09:42:11 +0000] "POST /v1/create-post/ HTTP/1.1" 200 148 "-" "PostmanRuntime/7.28.2"
::1 - - [25/Jul/2021:09:42:12 +0000] "POST /v1/create-post/ HTTP/1.1" 200 148 "-" "PostmanRuntime/7.28.2"
::1 - - [25/Jul/2021:09:42:12 +0000] "POST /v1/create-post/ HTTP/1.1" 200 148 "-" "PostmanRuntime/7.28.2"
::1 - - [25/Jul/2021:09:42:13 +0000] "POST /v1/create-post/ HTTP/1.1" 200 148 "-" "PostmanRuntime/7.28.2"
::1 - - [25/Jul/2021:09:42:13 +0000] "POST /v1/create-post/ HTTP/1.1" 200 148 "-" "PostmanRuntime/7.28.2"
::1 - - [25/Jul/2021:09:42:14 +0000] "POST /v1/create-post/ HTTP/1.1" 200 148 "-" "PostmanRuntime/7.28.2"
::1 - - [25/Jul/2021:09:42:14 +0000] "POST /v1/create-post/ HTTP/1.1" 200 148 "-" "PostmanRuntime/7.28.2"
::1 - - [25/Jul/2021:09:42:15 +0000] "POST /v1/create-post/ HTTP/1.1" 200 148 "-" "PostmanRuntime/7.28.2"
::1 - - [25/Jul/2021:09:42:15 +0000] "POST /v1/create-post/ HTTP/1.1" 200 148 "-" "PostmanRuntime/7.28.2"
::1 - - [25/Jul/2021:09:42:16 +0000] "POST /v1/create-post/ HTTP/1.1" 200 148 "-" "PostmanRuntime/7.28.2"
::1 - - [25/Jul/2021:09:42:16 +0000] "POST /v1/create-post/ HTTP/1.1" 200 148 "-" "PostmanRuntime/7.28.2"
::1 - - [25/Jul/2021:09:42:17 +0000] "POST /v1/create-post/ HTTP/1.1" 200 148 "-" "PostmanRuntime/7.28.2"
::1 - - [25/Jul/2021:09:42:18 +0000] "POST /v1/create-post/ HTTP/1.1" 200 148 "-" "PostmanRuntime/7.28.2"
::1 - - [25/Jul/2021:09:42:18 +0000] "POST /v1/create-post/ HTTP/1.1" 200 148 "-" "PostmanRuntime/7.28.2"
::1 - - [25/Jul/2021:09:42:19 +0000] "POST /v1/create-post/ HTTP/1.1" 200 148 "-" "PostmanRuntime/7.28.2"
::1 - - [25/Jul/2021:09:42:19 +0000] "POST /v1/create-post/ HTTP/1.1" 200 148 "-" "PostmanRuntime/7.28.2"
::1 - - [25/Jul/2021:09:42:20 +0000] "POST /v1/create-post/ HTTP/1.1" 200 148 "-" "PostmanRuntime/7.28.2"
::1 - - [25/Jul/2021:09:42:21 +0000] "POST /v1/create-post/ HTTP/1.1" 200 148 "-" "PostmanRuntime/7.28.2"
::1 - - [25/Jul/2021:09:42:21 +0000] "POST /v1/create-post/ HTTP/1.1" 200 148 "-" "PostmanRuntime/7.28.2"
::1 - - [25/Jul/2021:09:42:22 +0000] "POST /v1/create-post/ HTTP/1.1" 200 148 "-" "PostmanRuntime/7.28.2"
::1 - - [25/Jul/2021:09:42:22 +0000] "POST /v1/create-post/ HTTP/1.1" 200 148 "-" "PostmanRuntime/7.28.2"
::1 - - [25/Jul/2021:09:42:23 +0000] "POST /v1/create-post/ HTTP/1.1" 200 148 "-" "PostmanRuntime/7.28.2"
::1 - - [25/Jul/2021:09:42:24 +0000] "POST /v1/create-post/ HTTP/1.1" 200 148 "-" "PostmanRuntime/7.28.2"
::1 - - [25/Jul/2021:09:42:25 +0000] "POST /v1/create-post/ HTTP/1.1" 200 148 "-" "PostmanRuntime/7.28.2"
::1 - - [25/Jul/2021:09:42:26 +0000] "POST /v1/create-post/ HTTP/1.1" 200 148 "-" "PostmanRuntime/7.28.2"
::1 - - [25/Jul/2021:09:42:26 +0000] "POST /v1/create-post/ HTTP/1.1" 200 148 "-" "PostmanRuntime/7.28.2"
::1 - - [25/Jul/2021:09:42:27 +0000] "POST /v1/create-post/ HTTP/1.1" 200 148 "-" "PostmanRuntime/7.28.2"
::1 - - [25/Jul/2021:09:42:28 +0000] "POST /v1/create-post/ HTTP/1.1" 200 148 "-" "PostmanRuntime/7.28.2"
::1 - - [25/Jul/2021:09:42:28 +0000] "POST /v1/create-post/ HTTP/1.1" 200 148 "-" "PostmanRuntime/7.28.2"
::1 - - [25/Jul/2021:09:42:31 +0000] "POST /v1/create-post/ HTTP/1.1" 200 91 "-" "PostmanRuntime/7.28.2"
::1 - - [25/Jul/2021:09:43:41 +0000] "POST /v1/login/ HTTP/1.1" 200 235 "-" "PostmanRuntime/7.28.2"
::1 - - [25/Jul/2021:09:43:48 +0000] "POST /v1/create-post/ HTTP/1.1" 200 148 "-" "PostmanRuntime/7.28.2"
::1 - - [25/Jul/2021:09:43:51 +0000] "POST /v1/create-post/ HTTP/1.1" 200 148 "-" "PostmanRuntime/7.28.2"
::1 - - [25/Jul/2021:09:43:52 +0000] "POST /v1/create-post/ HTTP/1.1" 200 148 "-" "PostmanRuntime/7.28.2"
::1 - - [25/Jul/2021:09:43:54 +0000] "POST /v1/create-post/ HTTP/1.1" 200 148 "-" "PostmanRuntime/7.28.2"
::1 - - [25/Jul/2021:09:43:55 +0000] "POST /v1/create-post/ HTTP/1.1" 200 148 "-" "PostmanRuntime/7.28.2"
::1 - - [25/Jul/2021:09:44:25 +0000] "POST /v1/create-post/ HTTP/1.1" 200 91 "-" "PostmanRuntime/7.28.2"
::1 - - [25/Jul/2021:12:42:35 +0000] "POST /v1/signup/ HTTP/1.1" 200 139 "-" "PostmanRuntime/7.28.2"
::1 - - [25/Jul/2021:12:43:37 +0000] "POST /v1/signup/ HTTP/1.1" 200 139 "-" "PostmanRuntime/7.28.2"
::1 - - [25/Jul/2021:12:47:02 +0000] "POST /v1/signup/ HTTP/1.1" 200 139 "-" "PostmanRuntime/7.28.2"
::1 - - [25/Jul/2021:13:03:32 +0000] "POST /v1/signup/ HTTP/1.1" 200 139 "-" "PostmanRuntime/7.28.2"
::1 - - [25/Jul/2021:13:08:31 +0000] "POST /v1/signup/ HTTP/1.1" - - "-" "PostmanRuntime/7.28.2"
::1 - - [25/Jul/2021:13:12:06 +0000] "POST /v1/signup/ HTTP/1.1" 400 11 "-" "PostmanRuntime/7.28.2"
::1 - - [25/Jul/2021:13:15:19 +0000] "POST /v1/signup/ HTTP/1.1" 400 20 "-" "PostmanRuntime/7.28.2"
::1 - - [25/Jul/2021:13:15:30 +0000] "POST /v1/signup/ HTTP/1.1" 400 20 "-" "PostmanRuntime/7.28.2"
::1 - - [25/Jul/2021:13:15:54 +0000] "POST /v1/signup/ HTTP/1.1" 400 60 "-" "PostmanRuntime/7.28.2"
::1 - - [25/Jul/2021:13:16:33 +0000] "POST /v1/signup/ HTTP/1.1" 400 60 "-" "PostmanRuntime/7.28.2"
::1 - - [25/Jul/2021:13:16:40 +0000] "POST /v1/signup/ HTTP/1.1" 400 73 "-" "PostmanRuntime/7.28.2"
::1 - - [25/Jul/2021:13:17:00 +0000] "POST /v1/signup/ HTTP/1.1" 400 25 "-" "PostmanRuntime/7.28.2"
::1 - - [25/Jul/2021:13:17:20 +0000] "POST /v1/signup/ HTTP/1.1" 400 73 "-" "PostmanRuntime/7.28.2"
::1 - - [25/Jul/2021:13:17:48 +0000] "POST /v1/signup/ HTTP/1.1" 400 73 "-" "PostmanRuntime/7.28.2"
::1 - - [25/Jul/2021:13:18:04 +0000] "POST /v1/signup/ HTTP/1.1" 400 73 "-" "PostmanRuntime/7.28.2"
::1 - - [25/Jul/2021:13:18:10 +0000] "POST /v1/signup/ HTTP/1.1" 200 143 "-" "PostmanRuntime/7.28.2"
::1 - - [25/Jul/2021:13:18:31 +0000] "POST /v1/signup/ HTTP/1.1" 400 73 "-" "PostmanRuntime/7.28.2"
::1 - - [25/Jul/2021:13:30:06 +0000] "POST /v1/login/ HTTP/1.1" 200 141 "-" "PostmanRuntime/7.28.2"
::1 - - [25/Jul/2021:13:31:14 +0000] "POST /v1/login/ HTTP/1.1" 200 144 "-" "PostmanRuntime/7.28.2"
::1 - - [25/Jul/2021:13:31:34 +0000] "POST /v1/login/ HTTP/1.1" 200 2 "-" "PostmanRuntime/7.28.2"
::1 - - [25/Jul/2021:13:37:00 +0000] "POST /v1/login/ HTTP/1.1" 200 2 "-" "PostmanRuntime/7.28.2"
::1 - - [25/Jul/2021:13:38:35 +0000] "POST /v1/login/ HTTP/1.1" 200 2 "-" "PostmanRuntime/7.28.2"
::1 - - [25/Jul/2021:13:38:47 +0000] "POST /v1/login/ HTTP/1.1" 200 2 "-" "PostmanRuntime/7.28.2"
::1 - - [25/Jul/2021:13:38:51 +0000] "POST /v1/login/ HTTP/1.1" 200 31 "-" "PostmanRuntime/7.28.2"
::1 - - [25/Jul/2021:13:38:58 +0000] "POST /v1/login/ HTTP/1.1" 200 31 "-" "PostmanRuntime/7.28.2"
::1 - - [25/Jul/2021:13:39:00 +0000] "POST /v1/login/ HTTP/1.1" 200 31 "-" "PostmanRuntime/7.28.2"
::1 - - [25/Jul/2021:13:39:10 +0000] "POST /v1/login/ HTTP/1.1" 200 144 "-" "PostmanRuntime/7.28.2"
::1 - - [25/Jul/2021:13:39:15 +0000] "POST /v1/login/ HTTP/1.1" 200 2 "-" "PostmanRuntime/7.28.2"
::1 - - [25/Jul/2021:13:40:18 +0000] "POST /v1/login/ HTTP/1.1" 200 2 "-" "PostmanRuntime/7.28.2"
::1 - - [25/Jul/2021:13:42:05 +0000] "POST /v1/login/ HTTP/1.1" 200 2 "-" "PostmanRuntime/7.28.2"
::1 - - [25/Jul/2021:13:42:14 +0000] "POST /v1/login/ HTTP/1.1" 200 31 "-" "PostmanRuntime/7.28.2"
::1 - - [25/Jul/2021:13:42:20 +0000] "POST /v1/login/ HTTP/1.1" 200 144 "-" "PostmanRuntime/7.28.2"
::1 - - [25/Jul/2021:13:44:12 +0000] "POST /v1/login/ HTTP/1.1" 200 325 "-" "PostmanRuntime/7.28.2"
::1 - - [25/Jul/2021:13:46:15 +0000] "POST /v1/login/ HTTP/1.1" 200 481 "-" "PostmanRuntime/7.28.2"
::1 - - [25/Jul/2021:13:54:47 +0000] "GET /v1/product/ HTTP/1.1" 500 2674 "-" "PostmanRuntime/7.28.2"
::1 - - [25/Jul/2021:13:55:46 +0000] "GET /v1/product/ HTTP/1.1" - - "-" "PostmanRuntime/7.28.2"
::1 - - [25/Jul/2021:13:56:29 +0000] "GET /v1/product/ HTTP/1.1" 200 3824 "-" "PostmanRuntime/7.28.2"
::1 - - [25/Jul/2021:13:56:39 +0000] "GET /v1/product/ HTTP/1.1" 200 54 "-" "PostmanRuntime/7.28.2"
::1 - - [25/Jul/2021:13:56:45 +0000] "GET /v1/product/ HTTP/1.1" 200 3824 "-" "PostmanRuntime/7.28.2"
::1 - - [25/Jul/2021:13:57:26 +0000] "GET /v1/product/ HTTP/1.1" 200 3824 "-" "PostmanRuntime/7.28.2"
::1 - - [25/Jul/2021:13:57:43 +0000] "GET /v1/product/ HTTP/1.1" 200 3824 "-" "PostmanRuntime/7.28.2"
::1 - - [25/Jul/2021:13:57:59 +0000] "POST /v1/login/ HTTP/1.1" 200 474 "-" "PostmanRuntime/7.28.2"
::1 - - [25/Jul/2021:13:58:20 +0000] "GET /v1/product/ HTTP/1.1" 200 3824 "-" "PostmanRuntime/7.28.2"
::1 - - [25/Jul/2021:13:59:28 +0000] "GET /v1/product/ HTTP/1.1" 500 2674 "-" "PostmanRuntime/7.28.2"
::1 - - [25/Jul/2021:14:01:20 +0000] "GET /v1/product/ HTTP/1.1" 403 36 "-" "PostmanRuntime/7.28.2"
::1 - - [25/Jul/2021:14:01:26 +0000] "GET /v1/product/ HTTP/1.1" 200 3824 "-" "PostmanRuntime/7.28.2"
::1 - - [25/Jul/2021:14:01:43 +0000] "GET /v1/product/ HTTP/1.1" 200 61 "-" "PostmanRuntime/7.28.2"
::1 - - [25/Jul/2021:14:01:53 +0000] "GET /v1/product/ HTTP/1.1" 200 3824 "-" "PostmanRuntime/7.28.2"
::1 - - [25/Jul/2021:14:03:01 +0000] "GET /v1/product/ HTTP/1.1" 200 3824 "-" "PostmanRuntime/7.28.2"
::1 - - [25/Jul/2021:14:03:05 +0000] "GET /v1/product/ HTTP/1.1" 403 36 "-" "PostmanRuntime/7.28.2"
::1 - - [25/Jul/2021:14:03:09 +0000] "GET /v1/product/ HTTP/1.1" 200 3824 "-" "PostmanRuntime/7.28.2"
::1 - - [25/Jul/2021:14:03:45 +0000] "GET /v1/product/ HTTP/1.1" 200 3824 "-" "PostmanRuntime/7.28.2"
::1 - - [25/Jul/2021:14:07:21 +0000] "POST /v1/product/ HTTP/1.1" 403 36 "-" "PostmanRuntime/7.28.2"
::1 - - [25/Jul/2021:14:07:28 +0000] "POST /v1/product/ HTTP/1.1" 200 637 "-" "PostmanRuntime/7.28.2"
::1 - - [25/Jul/2021:14:07:32 +0000] "POST /v1/product/ HTTP/1.1" 403 36 "-" "PostmanRuntime/7.28.2"
::1 - - [25/Jul/2021:14:07:35 +0000] "POST /v1/product/ HTTP/1.1" 200 637 "-" "PostmanRuntime/7.28.2"
::1 - - [25/Jul/2021:14:07:48 +0000] "GET /v1/product/ HTTP/1.1" 200 5100 "-" "PostmanRuntime/7.28.2"
::1 - - [25/Jul/2021:14:07:56 +0000] "DELETE /v1/product/60f85dce83744a31287b35b5 HTTP/1.1" 403 36 "-" "PostmanRuntime/7.28.2"
::1 - - [25/Jul/2021:14:08:08 +0000] "DELETE /v1/product/60f85dce83744a31287b35b5 HTTP/1.1" 200 71 "-" "PostmanRuntime/7.28.2"
::1 - - [25/Jul/2021:14:08:17 +0000] "GET /v1/product/ HTTP/1.1" 200 4464 "-" "PostmanRuntime/7.28.2"
::1 - - [25/Jul/2021:14:08:46 +0000] "GET /info HTTP/1.1" 200 299 "-" "PostmanRuntime/7.28.2"
